<?xml version="1.0" encoding="UTF-8"?>
<!-- Generated by org.testng.reporters.JUnitReportReporter -->
<testsuite skipped="0" hostname="INSWL-H610373" name="restAssuredTests.PUTAPIRequests" tests="1" failures="0" timestamp="29 Dec 2020 04:45:33 GMT" time="0.000" errors="0">
  <testcase name="updateBooking" time="0.000" classname="restAssuredTests.PUTAPIRequests"/>
</testsuite> <!-- restAssuredTests.PUTAPIRequests -->
