<?xml version="1.0" encoding="UTF-8"?>
<!-- Generated by org.testng.reporters.JUnitReportReporter -->
<testsuite skipped="0" hostname="INSWL-H610373" name="demoRestAssured.demoRAMayukh.GetAPIRequest" tests="2" failures="0" timestamp="28 Dec 2020 12:51:35 GMT" time="6.034" errors="0">
  <testcase name="getAllEmployee" time="4.407" classname="demoRestAssured.demoRAMayukh.GetAPIRequest"/>
  <testcase name="postNewEmployee" time="1.627" classname="demoRestAssured.demoRAMayukh.GetAPIRequest"/>
</testsuite> <!-- demoRestAssured.demoRAMayukh.GetAPIRequest -->
