<?xml version="1.0" encoding="UTF-8"?>
<!-- Generated by org.testng.reporters.JUnitReportReporter -->
<testsuite skipped="0" hostname="INSWL-H610373" name="demoRestAssured.demoRAMayukh.APIRequests" tests="1" failures="0" timestamp="29 Dec 2020 03:51:16 GMT" time="3.100" errors="0">
  <testcase name="getOneBooking" time="3.100" classname="demoRestAssured.demoRAMayukh.APIRequests"/>
</testsuite> <!-- demoRestAssured.demoRAMayukh.APIRequests -->
