<?xml version="1.0" encoding="UTF-8"?>
<!-- Generated by org.testng.reporters.JUnitReportReporter -->
<testsuite skipped="0" hostname="INSWL-H610373" name="restAssuredTests.GETAPIRequests" tests="2" failures="0" timestamp="29 Dec 2020 05:14:34 GMT" time="2.624" errors="0">
  <testcase name="getAllBookings" time="1.307" classname="restAssuredTests.GETAPIRequests"/>
  <testcase name="getOneBooking" time="1.317" classname="restAssuredTests.GETAPIRequests"/>
</testsuite> <!-- restAssuredTests.GETAPIRequests -->
