<?xml version="1.0" encoding="UTF-8"?>
<!-- Generated by org.testng.reporters.JUnitReportReporter -->
<testsuite skipped="0" hostname="INSWL-H610373" name="restAssuredTests.POSTAPIRequests" tests="1" failures="0" timestamp="29 Dec 2020 04:45:33 GMT" time="2.745" errors="0">
  <testcase name="createBooking" time="2.745" classname="restAssuredTests.POSTAPIRequests"/>
</testsuite> <!-- restAssuredTests.POSTAPIRequests -->
