<?xml version="1.0" encoding="UTF-8"?>
<!-- Generated by org.testng.reporters.JUnitReportReporter -->
<testsuite skipped="0" hostname="INSWL-H610373" name="demoRestAssured.demoRAMayukh.AuthToken" tests="1" failures="0" timestamp="29 Dec 2020 04:37:02 GMT" time="2.638" errors="0">
  <testcase name="GetAuthToken" time="2.638" classname="demoRestAssured.demoRAMayukh.AuthToken"/>
</testsuite> <!-- demoRestAssured.demoRAMayukh.AuthToken -->
